2019-02-28 15:30:95: å¼€å§‹å»ºç«‹è¿æ¥...
2019-02-28 15:30:97: WebSocketå»ºç«‹å®Œæ¯•
2019-02-28 15:31:40: å¼€å§‹å»ºç«‹è¿æ¥...
2019-02-28 15:31:41: WebSocketå»ºç«‹å®Œæ¯•
2019-02-28 15:31:68: [0mGET / [36m304 [0m10.233 ms - -[0m
2019-02-28 15:31:73: [0mGET /static/css/font-awesome.min.css [36m304 [0m5.394 ms - -[0m
2019-02-28 15:31:73: [0mGET /static/js/manifest.2ae2e69a05c33dfc65f8.js [36m304 [0m5.052 ms - -[0m
2019-02-28 15:31:74: [0mGET /static/css/app.03fb0455a9a35cd29a2845924640b89b.css [36m304 [0m9.065 ms - -[0m
2019-02-28 15:31:74: [0mGET /static/js/app.db1d6e6ca5e97c10ddc2.js [36m304 [0m12.594 ms - -[0m
2019-02-28 15:31:75: [0mGET /static/js/vendor.50700cd88726955aa193.js [36m304 [0m17.489 ms - -[0m
2019-02-28 15:31:03: [0mGET /static/img/bg.74fcd28.jpg [36m304 [0m2.069 ms - -[0m
2019-02-28 15:31:33: [0mGET /static/fonts/fontawesome-webfont.woff2?v=4.7.0 [36m304 [0m1.505 ms - -[0m
2019-02-28 15:31:94: (node:13048) DeprecationWarning: current URL string parser is deprecated, and will be removed in a future version. To use the new parser, pass option { useNewUrlParser: true } to MongoClient.connect.
2019-02-28 15:31:01: é“¾æ¥æˆåŠŸ
2019-02-28 15:31:05: [0mPOST /users/login [32m200 [0m167.177 ms - 52[0m
2019-02-28 15:31:23: é“¾æ¥æˆåŠŸ
2019-02-28 15:31:24: é“¾æ¥æˆåŠŸ
2019-02-28 15:31:24: [0mGET /img [32m200 [0m13.021 ms - 1099[0m
2019-02-28 15:31:25: é“¾æ¥æˆåŠŸ
2019-02-28 15:31:26: [0mPOST /users/index [32m200 [0m19.772 ms - 307[0m
2019-02-28 15:31:32: [0mPOST /echart/echart [32m200 [0m105.230 ms - 133[0m
2019-02-28 15:31:01: [0mGET /static/img/weather.9f194c3.jpg [36m304 [0m1.837 ms - -[0m
2019-02-28 15:31:54: å¼€å§‹å»ºç«‹è¿æ¥...
2019-02-28 15:31:55: WebSocketå»ºç«‹å®Œæ¯•
2019-02-28 15:31:81: [0mPOST /index/userlist [32m200 [0m36.029 ms - 59[0m
2019-02-28 15:31:99: [0mPOST /shop/shoplist [32m200 [0m2.682 ms - 59[0m
2019-02-28 15:32:34: [0mPOST /users/quit [32m200 [0m2.938 ms - 31[0m
2019-02-28 15:32:72: (node:12508) DeprecationWarning: current URL string parser is deprecated, and will be removed in a future version. To use the new parser, pass option { useNewUrlParser: true } to MongoClient.connect.
2019-02-28 15:32:74: é“¾æ¥æˆåŠŸ
2019-02-28 15:32:76: [0mPOST /users/login [32m200 [0m56.964 ms - 52[0m
2019-02-28 15:32:83: [0mGET /img [36m304 [0m15.562 ms - -[0m
2019-02-28 15:32:83: é“¾æ¥æˆåŠŸ
2019-02-28 15:32:84: é“¾æ¥æˆåŠŸ
2019-02-28 15:32:84: é“¾æ¥æˆåŠŸ
2019-02-28 15:32:85: [0mPOST /users/index [32m200 [0m23.090 ms - 307[0m
2019-02-28 15:32:92: [0mPOST /echart/echart [32m200 [0m105.692 ms - 133[0m
2019-02-28 15:32:88: é“¾æ¥æˆåŠŸ
2019-02-28 15:32:89: [0mPOST /index/userlist [32m200 [0m11.206 ms - 607[0m
2019-02-28 15:32:05: é“¾æ¥æˆåŠŸ
2019-02-28 15:32:07: [0mPOST /shop/shoplist [32m200 [0m30.574 ms - 735[0m
2019-02-28 15:32:14: é“¾æ¥æˆåŠŸ
2019-02-28 15:32:15: é“¾æ¥æˆåŠŸ
2019-02-28 15:32:24: [0mPOST /echart/echart [32m200 [0m103.768 ms - 133[0m
2019-02-28 15:32:50: é“¾æ¥æˆåŠŸ
2019-02-28 15:32:50: [0mPOST /index/userlist [32m200 [0m12.938 ms - 607[0m
2019-02-28 15:32:31: å¼€å§‹å»ºç«‹è¿æ¥...
2019-02-28 15:32:32: WebSocketå»ºç«‹å®Œæ¯•
2019-02-28 15:32:20: [0mPOST /echart/echart [32m200 [0m39.950 ms - 59[0m
2019-02-28 15:32:00: [0mPOST /index/userlist [32m200 [0m2.104 ms - 59[0m
2019-02-28 15:32:00: [0mPOST /shop/shoplist [32m200 [0m1.485 ms - 59[0m
2019-02-28 15:32:69: å¼€å§‹å»ºç«‹è¿æ¥...
2019-02-28 15:32:71: WebSocketå»ºç«‹å®Œæ¯•
2019-02-28 15:33:37: å¼€å§‹å»ºç«‹è¿æ¥...
2019-02-28 15:33:38: WebSocketå»ºç«‹å®Œæ¯•
2019-02-28 15:33:15: å¼€å§‹å»ºç«‹è¿æ¥...
2019-02-28 15:33:16: WebSocketå»ºç«‹å®Œæ¯•
2019-02-28 15:34:10: å¼€å§‹å»ºç«‹è¿æ¥...
2019-02-28 15:34:11: WebSocketå»ºç«‹å®Œæ¯•
2019-02-28 15:34:93: å¼€å§‹å»ºç«‹è¿æ¥...
2019-02-28 15:34:94: WebSocketå»ºç«‹å®Œæ¯•
2019-02-28 15:35:40: å¼€å§‹å»ºç«‹è¿æ¥...
2019-02-28 15:35:45: WebSocketå»ºç«‹å®Œæ¯•
2019-02-28 15:35:48: å¼€å§‹å»ºç«‹è¿æ¥...
2019-02-28 15:35:49: WebSocketå»ºç«‹å®Œæ¯•
2019-02-28 15:36:96: å¼€å§‹å»ºç«‹è¿æ¥...
2019-02-28 15:36:98: WebSocketå»ºç«‹å®Œæ¯•
2019-02-28 15:36:78: å¼€å§‹å»ºç«‹è¿æ¥...
2019-02-28 15:36:79: WebSocketå»ºç«‹å®Œæ¯•
2019-02-28 15:37:99: å¼€å§‹å»ºç«‹è¿æ¥...
2019-02-28 15:37:00: WebSocketå»ºç«‹å®Œæ¯•
2019-02-28 15:37:87: å¼€å§‹å»ºç«‹è¿æ¥...
2019-02-28 15:37:87: WebSocketå»ºç«‹å®Œæ¯•
2019-02-28 15:38:80: å¼€å§‹å»ºç«‹è¿æ¥...
2019-02-28 15:38:81: WebSocketå»ºç«‹å®Œæ¯•
2019-02-28 15:38:12: å¼€å§‹å»ºç«‹è¿æ¥...
2019-02-28 15:38:13: WebSocketå»ºç«‹å®Œæ¯•
2019-02-28 15:39:22: å¼€å§‹å»ºç«‹è¿æ¥...
2019-02-28 15:39:23: WebSocketå»ºç«‹å®Œæ¯•
2019-02-28 15:39:87: å¼€å§‹å»ºç«‹è¿æ¥...
2019-02-28 15:39:88: WebSocketå»ºç«‹å®Œæ¯•
2019-02-28 15:40:04: å¼€å§‹å»ºç«‹è¿æ¥...
2019-02-28 15:40:05: WebSocketå»ºç«‹å®Œæ¯•
2019-02-28 15:40:23: å¼€å§‹å»ºç«‹è¿æ¥...
2019-02-28 15:40:24: WebSocketå»ºç«‹å®Œæ¯•
2019-02-28 15:41:78: å¼€å§‹å»ºç«‹è¿æ¥...
2019-02-28 15:41:80: WebSocketå»ºç«‹å®Œæ¯•
2019-02-28 15:41:64: å¼€å§‹å»ºç«‹è¿æ¥...
2019-02-28 15:41:66: WebSocketå»ºç«‹å®Œæ¯•
2019-02-28 15:44:18: å¼€å§‹å»ºç«‹è¿æ¥...
2019-02-28 15:44:19: WebSocketå»ºç«‹å®Œæ¯•
2019-02-28 15:44:56: [0mPOST /users/quit [32m200 [0m48.650 ms - 31[0m
2019-02-28 15:44:87: (node:13076) DeprecationWarning: current URL string parser is deprecated, and will be removed in a future version. To use the new parser, pass option { useNewUrlParser: true } to MongoClient.connect.
2019-02-28 15:44:94: é“¾æ¥æˆåŠŸ
2019-02-28 15:44:98: [0mPOST /users/login [32m200 [0m135.729 ms - 52[0m
2019-02-28 15:44:06: [0mGET /img [36m304 [0m17.974 ms - -[0m
2019-02-28 15:44:07: é“¾æ¥æˆåŠŸ
2019-02-28 15:44:08: é“¾æ¥æˆåŠŸ
2019-02-28 15:44:08: é“¾æ¥æˆåŠŸ
2019-02-28 15:44:09: [0mPOST /users/index [32m200 [0m17.987 ms - 307[0m
2019-02-28 15:44:15: [0mPOST /echart/echart [32m200 [0m104.661 ms - 133[0m
2019-02-28 15:45:99: é“¾æ¥æˆåŠŸ
2019-02-28 15:45:99: [0mPOST /index/userlist [32m200 [0m12.256 ms - 607[0m
2019-02-28 15:45:23: é“¾æ¥æˆåŠŸ
2019-02-28 15:45:24: [0mPOST /shop/shoplist [32m200 [0m19.385 ms - 735[0m
2019-02-28 15:45:42: é“¾æ¥æˆåŠŸ
2019-02-28 15:45:43: é“¾æ¥æˆåŠŸ
2019-02-28 15:45:52: [0mPOST /echart/echart [32m200 [0m106.543 ms - 133[0m
2019-02-28 15:45:84: é“¾æ¥æˆåŠŸ
2019-02-28 15:45:84: [0mPOST /index/userlist [32m200 [0m9.838 ms - 607[0m
2019-02-28 15:45:86: é“¾æ¥æˆåŠŸ
2019-02-28 15:45:87: [0mPOST /shop/shoplist [32m200 [0m10.635 ms - 735[0m
2019-02-28 15:45:17: é“¾æ¥æˆåŠŸ
2019-02-28 15:45:17: [0mPOST /index/userlist [32m200 [0m10.407 ms - 607[0m
2019-02-28 15:45:02: é“¾æ¥æˆåŠŸ
2019-02-28 15:45:03: [0mPOST /shop/shoplist [32m200 [0m8.858 ms - 735[0m
2019-02-28 15:45:56: é“¾æ¥æˆåŠŸ
2019-02-28 15:45:56: [0mPOST /index/userlist [32m200 [0m6.802 ms - 607[0m
2019-02-28 15:48:74: é“¾æ¥æˆåŠŸ
2019-02-28 15:48:76: é“¾æ¥æˆåŠŸ
2019-02-28 15:48:84: [0mPOST /echart/echart [32m200 [0m103.734 ms - 133[0m
2019-02-28 15:48:95: é“¾æ¥æˆåŠŸ
2019-02-28 15:48:95: [0mPOST /index/userlist [32m200 [0m9.413 ms - 607[0m
2019-02-28 15:48:70: é“¾æ¥æˆåŠŸ
2019-02-28 15:48:71: [0mPOST /shop/shoplist [32m200 [0m13.518 ms - 735[0m
2019-02-28 15:48:14: é“¾æ¥æˆåŠŸ
2019-02-28 15:48:15: [0mPOST /shop/shoplist [32m200 [0m23.308 ms - 735[0m
2019-02-28 15:48:90: é“¾æ¥æˆåŠŸ
2019-02-28 15:48:91: [0mPOST /index/userlist [32m200 [0m11.296 ms - 607[0m
2019-02-28 15:48:72: é“¾æ¥æˆåŠŸ
2019-02-28 15:48:72: é“¾æ¥æˆåŠŸ
2019-02-28 15:48:82: [0mPOST /echart/echart [32m200 [0m102.884 ms - 133[0m
2019-02-28 15:48:75: é“¾æ¥æˆåŠŸ
2019-02-28 15:48:75: [0mPOST /shop/shoplist [32m200 [0m9.688 ms - 735[0m
2019-02-28 15:49:31: é“¾æ¥æˆåŠŸ
2019-02-28 15:49:32: é“¾æ¥æˆåŠŸ
2019-02-28 15:49:41: [0mPOST /echart/echart [32m200 [0m105.984 ms - 133[0m
2019-02-28 15:49:59: é“¾æ¥æˆåŠŸ
2019-02-28 15:49:60: [0mPOST /index/userlist [32m200 [0m17.988 ms - 607[0m
2019-02-28 15:49:57: é“¾æ¥æˆåŠŸ
2019-02-28 15:49:57: [0mPOST /shop/shoplist [32m200 [0m11.747 ms - 735[0m
2019-02-28 15:49:41: é“¾æ¥æˆåŠŸ
2019-02-28 15:49:41: [0mPOST /index/userlist [32m200 [0m12.827 ms - 607[0m
2019-02-28 15:49:40: é“¾æ¥æˆåŠŸ
2019-02-28 15:49:40: é“¾æ¥æˆåŠŸ
2019-02-28 15:49:50: [0mPOST /echart/echart [32m200 [0m103.999 ms - 133[0m
